2016-12-12T19:32:17.283Z - error: uncaughtException: ENOENT: no such file or directory, stat 'D:\GitHub\RVP-Repository\RVP\favicon\favicon.ico' date=Mon Dec 12 2016 20:32:17 GMT+0100 (Mitteleuropäische Zeit), pid=1148, uid=null, gid=null, cwd=D:\GitHub\RVP-Repository\RVP, execPath=D:\Software\nodejs\node.exe, version=v6.6.0, argv=[D:\Software\nodejs\node.exe, D:\GitHub\RVP-Repository\RVP\index.js], rss=30683136, heapTotal=19959808, heapUsed=12209008, loadavg=[0, 0, 0], uptime=185028.9543376, trace=[column=null, file=null, function=Error, line=null, method=null, native=true, column=18, file=fs.js, function=Object.fs.statSync, line=987, method=fs.statSync, native=false, column=15, file=D:\GitHub\RVP-Repository\RVP\node_modules\serve-favicon\index.js, function=favicon, line=64, method=null, native=false, column=9, file=D:\GitHub\RVP-Repository\RVP\index.js, function=, line=44, method=null, native=false, column=32, file=module.js, function=Module._compile, line=556, method=_compile, native=false, column=10, file=module.js, function=Object.Module._extensions..js, line=565, method=Module._extensions..js, native=false, column=32, file=module.js, function=Module.load, line=473, method=load, native=false, column=12, file=module.js, function=tryModuleLoad, line=432, method=null, native=false, column=3, file=module.js, function=Function.Module._load, line=424, method=Module._load, native=false, column=10, file=module.js, function=Module.runMain, line=590, method=runMain, native=false], stack=[Error: ENOENT: no such file or directory, stat 'D:\GitHub\RVP-Repository\RVP\favicon\favicon.ico',     at Error (native),     at Object.fs.statSync (fs.js:987:18),     at favicon (D:\GitHub\RVP-Repository\RVP\node_modules\serve-favicon\index.js:64:15),     at Object.<anonymous> (D:\GitHub\RVP-Repository\RVP\index.js:44:9),     at Module._compile (module.js:556:32),     at Object.Module._extensions..js (module.js:565:10),     at Module.load (module.js:473:32),     at tryModuleLoad (module.js:432:12),     at Function.Module._load (module.js:424:3),     at Module.runMain (module.js:590:10)]
2017-01-20T10:01:16.805Z - error: uncaughtException: Cannot wrap undefined with r.expr(). date=Fri Jan 20 2017 11:01:16 GMT+0100 (Mitteleuropäische Zeit), pid=8992, uid=null, gid=null, cwd=C:\Users\Rötzer\Documents\GitHub\rtvs, execPath=C:\Program Files\nodejs\node.exe, version=v6.6.0, argv=[C:\Program Files\nodejs\node.exe, C:\Users\Rötzer\Documents\GitHub\rtvs\index.js], rss=42983424, heapTotal=29052928, heapUsed=24173632, loadavg=[0, 0, 0], uptime=171604.3107933, trace=[column=13, file=C:\Users\Rötzer\Documents\GitHub\rtvs\node_modules\rethinkdb\errors.js, function=ReqlDriverCompileError.ReqlError [as constructor], line=23, method=ReqlError [as constructor], native=false, column=51, file=C:\Users\Rötzer\Documents\GitHub\rtvs\node_modules\rethinkdb\errors.js, function=ReqlDriverCompileError.ReqlCompileError [as constructor], line=35, method=ReqlCompileError [as constructor], native=false, column=57, file=C:\Users\Rötzer\Documents\GitHub\rtvs\node_modules\rethinkdb\errors.js, function=new ReqlDriverCompileError, line=46, method=null, native=false, column=11, file=C:\Users\Rötzer\Documents\GitHub\rtvs\node_modules\rethinkdb\ast.js, function=, line=4031, method=null, native=false, column=16, file=C:\Users\Rötzer\Documents\GitHub\rtvs\node_modules\rethinkdb\util.js, function=Function.expr, line=43, method=expr, native=false, column=32, file=C:\Users\Rötzer\Documents\GitHub\rtvs\node_modules\rethinkdb\ast.js, function=null, line=4052, method=null, native=false, column=7, file=C:\Users\Rötzer\Documents\GitHub\rtvs\node_modules\rethinkdb\ast.js, function=, line=4055, method=null, native=false, column=16, file=C:\Users\Rötzer\Documents\GitHub\rtvs\node_modules\rethinkdb\util.js, function=Function.expr, line=43, method=expr, native=false, column=37, file=C:\Users\Rötzer\Documents\GitHub\rtvs\node_modules\rethinkdb\ast.js, function=new MakeObject, line=1612, method=null, native=false, column=12, file=C:\Users\Rötzer\Documents\GitHub\rtvs\node_modules\rethinkdb\ast.js, function=, line=4064, method=null, native=false, column=16, file=C:\Users\Rötzer\Documents\GitHub\rtvs\node_modules\rethinkdb\util.js, function=Function.expr, line=43, method=expr, native=false, column=37, file=C:\Users\Rötzer\Documents\GitHub\rtvs\node_modules\rethinkdb\ast.js, function=new MakeObject, line=1612, method=null, native=false, column=12, file=C:\Users\Rötzer\Documents\GitHub\rtvs\node_modules\rethinkdb\ast.js, function=, line=4064, method=null, native=false, column=16, file=C:\Users\Rötzer\Documents\GitHub\rtvs\node_modules\rethinkdb\util.js, function=Function.expr, line=43, method=expr, native=false, column=32, file=C:\Users\Rötzer\Documents\GitHub\rtvs\node_modules\rethinkdb\ast.js, function=null, line=4052, method=null, native=false, column=7, file=C:\Users\Rötzer\Documents\GitHub\rtvs\node_modules\rethinkdb\ast.js, function=, line=4055, method=null, native=false], stack=[ReqlDriverCompileError: Cannot wrap undefined with r.expr().,     at ReqlDriverCompileError.ReqlError [as constructor] (C:\Users\Rötzer\Documents\GitHub\rtvs\node_modules\rethinkdb\errors.js:23:13),     at ReqlDriverCompileError.ReqlCompileError [as constructor] (C:\Users\Rötzer\Documents\GitHub\rtvs\node_modules\rethinkdb\errors.js:35:51),     at new ReqlDriverCompileError (C:\Users\Rötzer\Documents\GitHub\rtvs\node_modules\rethinkdb\errors.js:46:57),     at Function.<anonymous> (C:\Users\Rötzer\Documents\GitHub\rtvs\node_modules\rethinkdb\ast.js:4031:11),     at Function.expr (C:\Users\Rötzer\Documents\GitHub\rtvs\node_modules\rethinkdb\util.js:43:16),     at C:\Users\Rötzer\Documents\GitHub\rtvs\node_modules\rethinkdb\ast.js:4052:32,     at Function.<anonymous> (C:\Users\Rötzer\Documents\GitHub\rtvs\node_modules\rethinkdb\ast.js:4055:7),     at Function.expr (C:\Users\Rötzer\Documents\GitHub\rtvs\node_modules\rethinkdb\util.js:43:16),     at new MakeObject (C:\Users\Rötzer\Documents\GitHub\rtvs\node_modules\rethinkdb\ast.js:1612:37),     at Function.<anonymous> (C:\Users\Rötzer\Documents\GitHub\rtvs\node_modules\rethinkdb\ast.js:4064:12),     at Function.expr (C:\Users\Rötzer\Documents\GitHub\rtvs\node_modules\rethinkdb\util.js:43:16),     at new MakeObject (C:\Users\Rötzer\Documents\GitHub\rtvs\node_modules\rethinkdb\ast.js:1612:37),     at Function.<anonymous> (C:\Users\Rötzer\Documents\GitHub\rtvs\node_modules\rethinkdb\ast.js:4064:12),     at Function.expr (C:\Users\Rötzer\Documents\GitHub\rtvs\node_modules\rethinkdb\util.js:43:16),     at C:\Users\Rötzer\Documents\GitHub\rtvs\node_modules\rethinkdb\ast.js:4052:32,     at Function.<anonymous> (C:\Users\Rötzer\Documents\GitHub\rtvs\node_modules\rethinkdb\ast.js:4055:7)]
2017-02-14T07:28:13.111Z - error: uncaughtException: Cannot wrap undefined with r.expr(). date=Tue Feb 14 2017 08:28:13 GMT+0100 (Mitteleuropäische Zeit), pid=5088, uid=null, gid=null, cwd=C:\Users\Rötzer\Documents\GitHub\rtvs, execPath=C:\Program Files\nodejs\node.exe, version=v6.6.0, argv=[C:\Program Files\nodejs\node.exe, C:\Users\Rötzer\Documents\GitHub\rtvs\index.js], rss=44380160, heapTotal=30101504, heapUsed=21019752, loadavg=[0, 0, 0], uptime=292195.5919109, trace=[column=13, file=C:\Users\Rötzer\Documents\GitHub\rtvs\node_modules\rethinkdb\errors.js, function=ReqlDriverCompileError.ReqlError [as constructor], line=23, method=ReqlError [as constructor], native=false, column=51, file=C:\Users\Rötzer\Documents\GitHub\rtvs\node_modules\rethinkdb\errors.js, function=ReqlDriverCompileError.ReqlCompileError [as constructor], line=35, method=ReqlCompileError [as constructor], native=false, column=57, file=C:\Users\Rötzer\Documents\GitHub\rtvs\node_modules\rethinkdb\errors.js, function=new ReqlDriverCompileError, line=46, method=null, native=false, column=11, file=C:\Users\Rötzer\Documents\GitHub\rtvs\node_modules\rethinkdb\ast.js, function=, line=4031, method=null, native=false, column=16, file=C:\Users\Rötzer\Documents\GitHub\rtvs\node_modules\rethinkdb\util.js, function=Function.expr, line=43, method=expr, native=false, column=32, file=C:\Users\Rötzer\Documents\GitHub\rtvs\node_modules\rethinkdb\ast.js, function=null, line=4052, method=null, native=false, column=7, file=C:\Users\Rötzer\Documents\GitHub\rtvs\node_modules\rethinkdb\ast.js, function=, line=4055, method=null, native=false, column=16, file=C:\Users\Rötzer\Documents\GitHub\rtvs\node_modules\rethinkdb\util.js, function=Function.expr, line=43, method=expr, native=false, column=37, file=C:\Users\Rötzer\Documents\GitHub\rtvs\node_modules\rethinkdb\ast.js, function=new MakeObject, line=1612, method=null, native=false, column=12, file=C:\Users\Rötzer\Documents\GitHub\rtvs\node_modules\rethinkdb\ast.js, function=, line=4064, method=null, native=false, column=16, file=C:\Users\Rötzer\Documents\GitHub\rtvs\node_modules\rethinkdb\util.js, function=Function.expr, line=43, method=expr, native=false, column=37, file=C:\Users\Rötzer\Documents\GitHub\rtvs\node_modules\rethinkdb\ast.js, function=new MakeObject, line=1612, method=null, native=false, column=12, file=C:\Users\Rötzer\Documents\GitHub\rtvs\node_modules\rethinkdb\ast.js, function=, line=4064, method=null, native=false, column=16, file=C:\Users\Rötzer\Documents\GitHub\rtvs\node_modules\rethinkdb\util.js, function=Function.expr, line=43, method=expr, native=false, column=32, file=C:\Users\Rötzer\Documents\GitHub\rtvs\node_modules\rethinkdb\ast.js, function=null, line=4052, method=null, native=false, column=7, file=C:\Users\Rötzer\Documents\GitHub\rtvs\node_modules\rethinkdb\ast.js, function=, line=4055, method=null, native=false], stack=[ReqlDriverCompileError: Cannot wrap undefined with r.expr().,     at ReqlDriverCompileError.ReqlError [as constructor] (C:\Users\Rötzer\Documents\GitHub\rtvs\node_modules\rethinkdb\errors.js:23:13),     at ReqlDriverCompileError.ReqlCompileError [as constructor] (C:\Users\Rötzer\Documents\GitHub\rtvs\node_modules\rethinkdb\errors.js:35:51),     at new ReqlDriverCompileError (C:\Users\Rötzer\Documents\GitHub\rtvs\node_modules\rethinkdb\errors.js:46:57),     at Function.<anonymous> (C:\Users\Rötzer\Documents\GitHub\rtvs\node_modules\rethinkdb\ast.js:4031:11),     at Function.expr (C:\Users\Rötzer\Documents\GitHub\rtvs\node_modules\rethinkdb\util.js:43:16),     at C:\Users\Rötzer\Documents\GitHub\rtvs\node_modules\rethinkdb\ast.js:4052:32,     at Function.<anonymous> (C:\Users\Rötzer\Documents\GitHub\rtvs\node_modules\rethinkdb\ast.js:4055:7),     at Function.expr (C:\Users\Rötzer\Documents\GitHub\rtvs\node_modules\rethinkdb\util.js:43:16),     at new MakeObject (C:\Users\Rötzer\Documents\GitHub\rtvs\node_modules\rethinkdb\ast.js:1612:37),     at Function.<anonymous> (C:\Users\Rötzer\Documents\GitHub\rtvs\node_modules\rethinkdb\ast.js:4064:12),     at Function.expr (C:\Users\Rötzer\Documents\GitHub\rtvs\node_modules\rethinkdb\util.js:43:16),     at new MakeObject (C:\Users\Rötzer\Documents\GitHub\rtvs\node_modules\rethinkdb\ast.js:1612:37),     at Function.<anonymous> (C:\Users\Rötzer\Documents\GitHub\rtvs\node_modules\rethinkdb\ast.js:4064:12),     at Function.expr (C:\Users\Rötzer\Documents\GitHub\rtvs\node_modules\rethinkdb\util.js:43:16),     at C:\Users\Rötzer\Documents\GitHub\rtvs\node_modules\rethinkdb\ast.js:4052:32,     at Function.<anonymous> (C:\Users\Rötzer\Documents\GitHub\rtvs\node_modules\rethinkdb\ast.js:4055:7)]
2017-02-14T07:30:39.824Z - error: uncaughtException: Cannot wrap undefined with r.expr(). date=Tue Feb 14 2017 08:30:39 GMT+0100 (Mitteleuropäische Zeit), pid=3208, uid=null, gid=null, cwd=C:\Users\Rötzer\Documents\GitHub\rtvs, execPath=C:\Program Files\nodejs\node.exe, version=v6.6.0, argv=[C:\Program Files\nodejs\node.exe, C:\Users\Rötzer\Documents\GitHub\rtvs\index.js], rss=45871104, heapTotal=30101504, heapUsed=23111264, loadavg=[0, 0, 0], uptime=292342.3038479, trace=[column=13, file=C:\Users\Rötzer\Documents\GitHub\rtvs\node_modules\rethinkdb\errors.js, function=ReqlDriverCompileError.ReqlError [as constructor], line=23, method=ReqlError [as constructor], native=false, column=51, file=C:\Users\Rötzer\Documents\GitHub\rtvs\node_modules\rethinkdb\errors.js, function=ReqlDriverCompileError.ReqlCompileError [as constructor], line=35, method=ReqlCompileError [as constructor], native=false, column=57, file=C:\Users\Rötzer\Documents\GitHub\rtvs\node_modules\rethinkdb\errors.js, function=new ReqlDriverCompileError, line=46, method=null, native=false, column=11, file=C:\Users\Rötzer\Documents\GitHub\rtvs\node_modules\rethinkdb\ast.js, function=, line=4031, method=null, native=false, column=16, file=C:\Users\Rötzer\Documents\GitHub\rtvs\node_modules\rethinkdb\util.js, function=Function.expr, line=43, method=expr, native=false, column=32, file=C:\Users\Rötzer\Documents\GitHub\rtvs\node_modules\rethinkdb\ast.js, function=null, line=4052, method=null, native=false, column=7, file=C:\Users\Rötzer\Documents\GitHub\rtvs\node_modules\rethinkdb\ast.js, function=, line=4055, method=null, native=false, column=16, file=C:\Users\Rötzer\Documents\GitHub\rtvs\node_modules\rethinkdb\util.js, function=Function.expr, line=43, method=expr, native=false, column=37, file=C:\Users\Rötzer\Documents\GitHub\rtvs\node_modules\rethinkdb\ast.js, function=new MakeObject, line=1612, method=null, native=false, column=12, file=C:\Users\Rötzer\Documents\GitHub\rtvs\node_modules\rethinkdb\ast.js, function=, line=4064, method=null, native=false, column=16, file=C:\Users\Rötzer\Documents\GitHub\rtvs\node_modules\rethinkdb\util.js, function=Function.expr, line=43, method=expr, native=false, column=37, file=C:\Users\Rötzer\Documents\GitHub\rtvs\node_modules\rethinkdb\ast.js, function=new MakeObject, line=1612, method=null, native=false, column=12, file=C:\Users\Rötzer\Documents\GitHub\rtvs\node_modules\rethinkdb\ast.js, function=, line=4064, method=null, native=false, column=16, file=C:\Users\Rötzer\Documents\GitHub\rtvs\node_modules\rethinkdb\util.js, function=Function.expr, line=43, method=expr, native=false, column=32, file=C:\Users\Rötzer\Documents\GitHub\rtvs\node_modules\rethinkdb\ast.js, function=null, line=4052, method=null, native=false, column=7, file=C:\Users\Rötzer\Documents\GitHub\rtvs\node_modules\rethinkdb\ast.js, function=, line=4055, method=null, native=false], stack=[ReqlDriverCompileError: Cannot wrap undefined with r.expr().,     at ReqlDriverCompileError.ReqlError [as constructor] (C:\Users\Rötzer\Documents\GitHub\rtvs\node_modules\rethinkdb\errors.js:23:13),     at ReqlDriverCompileError.ReqlCompileError [as constructor] (C:\Users\Rötzer\Documents\GitHub\rtvs\node_modules\rethinkdb\errors.js:35:51),     at new ReqlDriverCompileError (C:\Users\Rötzer\Documents\GitHub\rtvs\node_modules\rethinkdb\errors.js:46:57),     at Function.<anonymous> (C:\Users\Rötzer\Documents\GitHub\rtvs\node_modules\rethinkdb\ast.js:4031:11),     at Function.expr (C:\Users\Rötzer\Documents\GitHub\rtvs\node_modules\rethinkdb\util.js:43:16),     at C:\Users\Rötzer\Documents\GitHub\rtvs\node_modules\rethinkdb\ast.js:4052:32,     at Function.<anonymous> (C:\Users\Rötzer\Documents\GitHub\rtvs\node_modules\rethinkdb\ast.js:4055:7),     at Function.expr (C:\Users\Rötzer\Documents\GitHub\rtvs\node_modules\rethinkdb\util.js:43:16),     at new MakeObject (C:\Users\Rötzer\Documents\GitHub\rtvs\node_modules\rethinkdb\ast.js:1612:37),     at Function.<anonymous> (C:\Users\Rötzer\Documents\GitHub\rtvs\node_modules\rethinkdb\ast.js:4064:12),     at Function.expr (C:\Users\Rötzer\Documents\GitHub\rtvs\node_modules\rethinkdb\util.js:43:16),     at new MakeObject (C:\Users\Rötzer\Documents\GitHub\rtvs\node_modules\rethinkdb\ast.js:1612:37),     at Function.<anonymous> (C:\Users\Rötzer\Documents\GitHub\rtvs\node_modules\rethinkdb\ast.js:4064:12),     at Function.expr (C:\Users\Rötzer\Documents\GitHub\rtvs\node_modules\rethinkdb\util.js:43:16),     at C:\Users\Rötzer\Documents\GitHub\rtvs\node_modules\rethinkdb\ast.js:4052:32,     at Function.<anonymous> (C:\Users\Rötzer\Documents\GitHub\rtvs\node_modules\rethinkdb\ast.js:4055:7)]
2017-02-14T08:08:57.551Z - error: uncaughtException: res is not defined date=Tue Feb 14 2017 09:08:57 GMT+0100 (Mitteleuropäische Zeit), pid=8868, uid=null, gid=null, cwd=C:\Users\Rötzer\Documents\GitHub\rtvs, execPath=C:\Program Files\nodejs\node.exe, version=v6.6.0, argv=[C:\Program Files\nodejs\node.exe, C:\Users\Rötzer\Documents\GitHub\rtvs\index.js], rss=42106880, heapTotal=28004352, heapUsed=22904256, loadavg=[0, 0, 0], uptime=294640.0297266, trace=[column=21, file=C:\Users\Rötzer\Documents\GitHub\rtvs\controllers\controller.js, function=null, line=178, method=null, native=false, column=23, file=C:\Users\Rötzer\Documents\GitHub\rtvs\node_modules\bluebird\js\main\util.js, function=tryCatcher, line=26, method=null, native=false, column=30, file=C:\Users\Rötzer\Documents\GitHub\rtvs\node_modules\bluebird\js\main\nodeify.js, function=Promise.successAdapter, line=23, method=successAdapter, native=false, column=21, file=C:\Users\Rötzer\Documents\GitHub\rtvs\node_modules\bluebird\js\main\promise.js, function=Promise._settlePromiseAt, line=582, method=_settlePromiseAt, native=false, column=14, file=C:\Users\Rötzer\Documents\GitHub\rtvs\node_modules\bluebird\js\main\promise.js, function=Promise._settlePromises, line=700, method=_settlePromises, native=false, column=16, file=C:\Users\Rötzer\Documents\GitHub\rtvs\node_modules\bluebird\js\main\async.js, function=Async._drainQueue, line=123, method=_drainQueue, native=false, column=10, file=C:\Users\Rötzer\Documents\GitHub\rtvs\node_modules\bluebird\js\main\async.js, function=Async._drainQueues, line=133, method=_drainQueues, native=false, column=14, file=C:\Users\Rötzer\Documents\GitHub\rtvs\node_modules\bluebird\js\main\async.js, function=Immediate.Async.drainQueues, line=15, method=Async.drainQueues, native=false, column=20, file=timers.js, function=runCallback, line=574, method=null, native=false, column=5, file=timers.js, function=tryOnImmediate, line=554, method=null, native=false, column=5, file=timers.js, function=processImmediate [as _immediateCallback], line=533, method=null, native=false], stack=[ReferenceError: res is not defined,     at C:\Users\Rötzer\Documents\GitHub\rtvs\controllers\controller.js:178:21,     at tryCatcher (C:\Users\Rötzer\Documents\GitHub\rtvs\node_modules\bluebird\js\main\util.js:26:23),     at Promise.successAdapter (C:\Users\Rötzer\Documents\GitHub\rtvs\node_modules\bluebird\js\main\nodeify.js:23:30),     at Promise._settlePromiseAt (C:\Users\Rötzer\Documents\GitHub\rtvs\node_modules\bluebird\js\main\promise.js:582:21),     at Promise._settlePromises (C:\Users\Rötzer\Documents\GitHub\rtvs\node_modules\bluebird\js\main\promise.js:700:14),     at Async._drainQueue (C:\Users\Rötzer\Documents\GitHub\rtvs\node_modules\bluebird\js\main\async.js:123:16),     at Async._drainQueues (C:\Users\Rötzer\Documents\GitHub\rtvs\node_modules\bluebird\js\main\async.js:133:10),     at Immediate.Async.drainQueues (C:\Users\Rötzer\Documents\GitHub\rtvs\node_modules\bluebird\js\main\async.js:15:14),     at runCallback (timers.js:574:20),     at tryOnImmediate (timers.js:554:5),     at processImmediate [as _immediateCallback] (timers.js:533:5)]
2017-02-14T08:10:32.098Z - error: uncaughtException: success is not defined date=Tue Feb 14 2017 09:10:32 GMT+0100 (Mitteleuropäische Zeit), pid=6664, uid=null, gid=null, cwd=C:\Users\Rötzer\Documents\GitHub\rtvs, execPath=C:\Program Files\nodejs\node.exe, version=v6.6.0, argv=[C:\Program Files\nodejs\node.exe, C:\Users\Rötzer\Documents\GitHub\rtvs\index.js], rss=53841920, heapTotal=44781568, heapUsed=30689120, loadavg=[0, 0, 0], uptime=294734.5768513, trace=[column=21, file=C:\Users\Rötzer\Documents\GitHub\rtvs\controllers\controller.js, function=null, line=182, method=null, native=false, column=23, file=C:\Users\Rötzer\Documents\GitHub\rtvs\node_modules\bluebird\js\main\util.js, function=tryCatcher, line=26, method=null, native=false, column=30, file=C:\Users\Rötzer\Documents\GitHub\rtvs\node_modules\bluebird\js\main\nodeify.js, function=Promise.successAdapter, line=23, method=successAdapter, native=false, column=21, file=C:\Users\Rötzer\Documents\GitHub\rtvs\node_modules\bluebird\js\main\promise.js, function=Promise._settlePromiseAt, line=582, method=_settlePromiseAt, native=false, column=14, file=C:\Users\Rötzer\Documents\GitHub\rtvs\node_modules\bluebird\js\main\promise.js, function=Promise._settlePromises, line=700, method=_settlePromises, native=false, column=16, file=C:\Users\Rötzer\Documents\GitHub\rtvs\node_modules\bluebird\js\main\async.js, function=Async._drainQueue, line=123, method=_drainQueue, native=false, column=10, file=C:\Users\Rötzer\Documents\GitHub\rtvs\node_modules\bluebird\js\main\async.js, function=Async._drainQueues, line=133, method=_drainQueues, native=false, column=14, file=C:\Users\Rötzer\Documents\GitHub\rtvs\node_modules\bluebird\js\main\async.js, function=Immediate.Async.drainQueues, line=15, method=Async.drainQueues, native=false, column=20, file=timers.js, function=runCallback, line=574, method=null, native=false, column=5, file=timers.js, function=tryOnImmediate, line=554, method=null, native=false, column=5, file=timers.js, function=processImmediate [as _immediateCallback], line=533, method=null, native=false], stack=[ReferenceError: success is not defined,     at C:\Users\Rötzer\Documents\GitHub\rtvs\controllers\controller.js:182:21,     at tryCatcher (C:\Users\Rötzer\Documents\GitHub\rtvs\node_modules\bluebird\js\main\util.js:26:23),     at Promise.successAdapter (C:\Users\Rötzer\Documents\GitHub\rtvs\node_modules\bluebird\js\main\nodeify.js:23:30),     at Promise._settlePromiseAt (C:\Users\Rötzer\Documents\GitHub\rtvs\node_modules\bluebird\js\main\promise.js:582:21),     at Promise._settlePromises (C:\Users\Rötzer\Documents\GitHub\rtvs\node_modules\bluebird\js\main\promise.js:700:14),     at Async._drainQueue (C:\Users\Rötzer\Documents\GitHub\rtvs\node_modules\bluebird\js\main\async.js:123:16),     at Async._drainQueues (C:\Users\Rötzer\Documents\GitHub\rtvs\node_modules\bluebird\js\main\async.js:133:10),     at Immediate.Async.drainQueues (C:\Users\Rötzer\Documents\GitHub\rtvs\node_modules\bluebird\js\main\async.js:15:14),     at runCallback (timers.js:574:20),     at tryOnImmediate (timers.js:554:5),     at processImmediate [as _immediateCallback] (timers.js:533:5)]
2017-02-14T09:45:36.669Z - error: uncaughtException: Object field 'type' may not be undefined date=Tue Feb 14 2017 10:45:36 GMT+0100 (Mitteleuropäische Zeit), pid=7744, uid=null, gid=null, cwd=C:\Users\Rötzer\Documents\GitHub\rtvs, execPath=C:\Program Files\nodejs\node.exe, version=v6.6.0, argv=[C:\Program Files\nodejs\node.exe, C:\Users\Rötzer\Documents\GitHub\rtvs\index.js], rss=52490240, heapTotal=40587264, heapUsed=25319040, loadavg=[0, 0, 0], uptime=300439.1505799, trace=[column=13, file=C:\Users\Rötzer\Documents\GitHub\rtvs\node_modules\rethinkdb\errors.js, function=ReqlDriverCompileError.ReqlError [as constructor], line=23, method=ReqlError [as constructor], native=false, column=51, file=C:\Users\Rötzer\Documents\GitHub\rtvs\node_modules\rethinkdb\errors.js, function=ReqlDriverCompileError.ReqlCompileError [as constructor], line=35, method=ReqlCompileError [as constructor], native=false, column=57, file=C:\Users\Rötzer\Documents\GitHub\rtvs\node_modules\rethinkdb\errors.js, function=new ReqlDriverCompileError, line=46, method=null, native=false, column=15, file=C:\Users\Rötzer\Documents\GitHub\rtvs\node_modules\rethinkdb\ast.js, function=new MakeObject, line=1610, method=null, native=false, column=12, file=C:\Users\Rötzer\Documents\GitHub\rtvs\node_modules\rethinkdb\ast.js, function=, line=4064, method=null, native=false, column=16, file=C:\Users\Rötzer\Documents\GitHub\rtvs\node_modules\rethinkdb\util.js, function=Function.expr, line=43, method=expr, native=false, column=37, file=C:\Users\Rötzer\Documents\GitHub\rtvs\node_modules\rethinkdb\ast.js, function=new MakeObject, line=1612, method=null, native=false, column=12, file=C:\Users\Rötzer\Documents\GitHub\rtvs\node_modules\rethinkdb\ast.js, function=, line=4064, method=null, native=false, column=16, file=C:\Users\Rötzer\Documents\GitHub\rtvs\node_modules\rethinkdb\util.js, function=Function.expr, line=43, method=expr, native=false, column=32, file=C:\Users\Rötzer\Documents\GitHub\rtvs\node_modules\rethinkdb\ast.js, function=null, line=4052, method=null, native=false, column=7, file=C:\Users\Rötzer\Documents\GitHub\rtvs\node_modules\rethinkdb\ast.js, function=, line=4055, method=null, native=false, column=16, file=C:\Users\Rötzer\Documents\GitHub\rtvs\node_modules\rethinkdb\util.js, function=Function.expr, line=43, method=expr, native=false, column=37, file=C:\Users\Rötzer\Documents\GitHub\rtvs\node_modules\rethinkdb\ast.js, function=new MakeObject, line=1612, method=null, native=false, column=12, file=C:\Users\Rötzer\Documents\GitHub\rtvs\node_modules\rethinkdb\ast.js, function=, line=4064, method=null, native=false, column=16, file=C:\Users\Rötzer\Documents\GitHub\rtvs\node_modules\rethinkdb\util.js, function=Function.expr, line=43, method=expr, native=false, column=45, file=C:\Users\Rötzer\Documents\GitHub\rtvs\node_modules\rethinkdb\ast.js, function=, line=1131, method=null, native=false], stack=[ReqlDriverCompileError: Object field 'type' may not be undefined,     at ReqlDriverCompileError.ReqlError [as constructor] (C:\Users\Rötzer\Documents\GitHub\rtvs\node_modules\rethinkdb\errors.js:23:13),     at ReqlDriverCompileError.ReqlCompileError [as constructor] (C:\Users\Rötzer\Documents\GitHub\rtvs\node_modules\rethinkdb\errors.js:35:51),     at new ReqlDriverCompileError (C:\Users\Rötzer\Documents\GitHub\rtvs\node_modules\rethinkdb\errors.js:46:57),     at new MakeObject (C:\Users\Rötzer\Documents\GitHub\rtvs\node_modules\rethinkdb\ast.js:1610:15),     at Function.<anonymous> (C:\Users\Rötzer\Documents\GitHub\rtvs\node_modules\rethinkdb\ast.js:4064:12),     at Function.expr (C:\Users\Rötzer\Documents\GitHub\rtvs\node_modules\rethinkdb\util.js:43:16),     at new MakeObject (C:\Users\Rötzer\Documents\GitHub\rtvs\node_modules\rethinkdb\ast.js:1612:37),     at Function.<anonymous> (C:\Users\Rötzer\Documents\GitHub\rtvs\node_modules\rethinkdb\ast.js:4064:12),     at Function.expr (C:\Users\Rötzer\Documents\GitHub\rtvs\node_modules\rethinkdb\util.js:43:16),     at C:\Users\Rötzer\Documents\GitHub\rtvs\node_modules\rethinkdb\ast.js:4052:32,     at Function.<anonymous> (C:\Users\Rötzer\Documents\GitHub\rtvs\node_modules\rethinkdb\ast.js:4055:7),     at Function.expr (C:\Users\Rötzer\Documents\GitHub\rtvs\node_modules\rethinkdb\util.js:43:16),     at new MakeObject (C:\Users\Rötzer\Documents\GitHub\rtvs\node_modules\rethinkdb\ast.js:1612:37),     at Function.<anonymous> (C:\Users\Rötzer\Documents\GitHub\rtvs\node_modules\rethinkdb\ast.js:4064:12),     at Function.expr (C:\Users\Rötzer\Documents\GitHub\rtvs\node_modules\rethinkdb\util.js:43:16),     at Table.<anonymous> (C:\Users\Rötzer\Documents\GitHub\rtvs\node_modules\rethinkdb\ast.js:1131:45)]
2017-02-14T09:46:40.486Z - error: uncaughtException: Object field 'type' may not be undefined date=Tue Feb 14 2017 10:46:40 GMT+0100 (Mitteleuropäische Zeit), pid=4836, uid=null, gid=null, cwd=C:\Users\Rötzer\Documents\GitHub\rtvs, execPath=C:\Program Files\nodejs\node.exe, version=v6.6.0, argv=[C:\Program Files\nodejs\node.exe, C:\Users\Rötzer\Documents\GitHub\rtvs\index.js], rss=43991040, heapTotal=31150080, heapUsed=20272992, loadavg=[0, 0, 0], uptime=300502.968545, trace=[column=13, file=C:\Users\Rötzer\Documents\GitHub\rtvs\node_modules\rethinkdb\errors.js, function=ReqlDriverCompileError.ReqlError [as constructor], line=23, method=ReqlError [as constructor], native=false, column=51, file=C:\Users\Rötzer\Documents\GitHub\rtvs\node_modules\rethinkdb\errors.js, function=ReqlDriverCompileError.ReqlCompileError [as constructor], line=35, method=ReqlCompileError [as constructor], native=false, column=57, file=C:\Users\Rötzer\Documents\GitHub\rtvs\node_modules\rethinkdb\errors.js, function=new ReqlDriverCompileError, line=46, method=null, native=false, column=15, file=C:\Users\Rötzer\Documents\GitHub\rtvs\node_modules\rethinkdb\ast.js, function=new MakeObject, line=1610, method=null, native=false, column=12, file=C:\Users\Rötzer\Documents\GitHub\rtvs\node_modules\rethinkdb\ast.js, function=, line=4064, method=null, native=false, column=16, file=C:\Users\Rötzer\Documents\GitHub\rtvs\node_modules\rethinkdb\util.js, function=Function.expr, line=43, method=expr, native=false, column=37, file=C:\Users\Rötzer\Documents\GitHub\rtvs\node_modules\rethinkdb\ast.js, function=new MakeObject, line=1612, method=null, native=false, column=12, file=C:\Users\Rötzer\Documents\GitHub\rtvs\node_modules\rethinkdb\ast.js, function=, line=4064, method=null, native=false, column=16, file=C:\Users\Rötzer\Documents\GitHub\rtvs\node_modules\rethinkdb\util.js, function=Function.expr, line=43, method=expr, native=false, column=32, file=C:\Users\Rötzer\Documents\GitHub\rtvs\node_modules\rethinkdb\ast.js, function=null, line=4052, method=null, native=false, column=7, file=C:\Users\Rötzer\Documents\GitHub\rtvs\node_modules\rethinkdb\ast.js, function=, line=4055, method=null, native=false, column=16, file=C:\Users\Rötzer\Documents\GitHub\rtvs\node_modules\rethinkdb\util.js, function=Function.expr, line=43, method=expr, native=false, column=37, file=C:\Users\Rötzer\Documents\GitHub\rtvs\node_modules\rethinkdb\ast.js, function=new MakeObject, line=1612, method=null, native=false, column=12, file=C:\Users\Rötzer\Documents\GitHub\rtvs\node_modules\rethinkdb\ast.js, function=, line=4064, method=null, native=false, column=16, file=C:\Users\Rötzer\Documents\GitHub\rtvs\node_modules\rethinkdb\util.js, function=Function.expr, line=43, method=expr, native=false, column=45, file=C:\Users\Rötzer\Documents\GitHub\rtvs\node_modules\rethinkdb\ast.js, function=, line=1131, method=null, native=false], stack=[ReqlDriverCompileError: Object field 'type' may not be undefined,     at ReqlDriverCompileError.ReqlError [as constructor] (C:\Users\Rötzer\Documents\GitHub\rtvs\node_modules\rethinkdb\errors.js:23:13),     at ReqlDriverCompileError.ReqlCompileError [as constructor] (C:\Users\Rötzer\Documents\GitHub\rtvs\node_modules\rethinkdb\errors.js:35:51),     at new ReqlDriverCompileError (C:\Users\Rötzer\Documents\GitHub\rtvs\node_modules\rethinkdb\errors.js:46:57),     at new MakeObject (C:\Users\Rötzer\Documents\GitHub\rtvs\node_modules\rethinkdb\ast.js:1610:15),     at Function.<anonymous> (C:\Users\Rötzer\Documents\GitHub\rtvs\node_modules\rethinkdb\ast.js:4064:12),     at Function.expr (C:\Users\Rötzer\Documents\GitHub\rtvs\node_modules\rethinkdb\util.js:43:16),     at new MakeObject (C:\Users\Rötzer\Documents\GitHub\rtvs\node_modules\rethinkdb\ast.js:1612:37),     at Function.<anonymous> (C:\Users\Rötzer\Documents\GitHub\rtvs\node_modules\rethinkdb\ast.js:4064:12),     at Function.expr (C:\Users\Rötzer\Documents\GitHub\rtvs\node_modules\rethinkdb\util.js:43:16),     at C:\Users\Rötzer\Documents\GitHub\rtvs\node_modules\rethinkdb\ast.js:4052:32,     at Function.<anonymous> (C:\Users\Rötzer\Documents\GitHub\rtvs\node_modules\rethinkdb\ast.js:4055:7),     at Function.expr (C:\Users\Rötzer\Documents\GitHub\rtvs\node_modules\rethinkdb\util.js:43:16),     at new MakeObject (C:\Users\Rötzer\Documents\GitHub\rtvs\node_modules\rethinkdb\ast.js:1612:37),     at Function.<anonymous> (C:\Users\Rötzer\Documents\GitHub\rtvs\node_modules\rethinkdb\ast.js:4064:12),     at Function.expr (C:\Users\Rötzer\Documents\GitHub\rtvs\node_modules\rethinkdb\util.js:43:16),     at Table.<anonymous> (C:\Users\Rötzer\Documents\GitHub\rtvs\node_modules\rethinkdb\ast.js:1131:45)]
2017-02-14T09:49:09.679Z - error: uncaughtException: Cannot wrap undefined with r.expr(). date=Tue Feb 14 2017 10:49:09 GMT+0100 (Mitteleuropäische Zeit), pid=10748, uid=null, gid=null, cwd=C:\Users\Rötzer\Documents\GitHub\rtvs, execPath=C:\Program Files\nodejs\node.exe, version=v6.6.0, argv=[C:\Program Files\nodejs\node.exe, C:\Users\Rötzer\Documents\GitHub\rtvs\index.js], rss=42786816, heapTotal=30101504, heapUsed=22364544, loadavg=[0, 0, 0], uptime=300652.1612802, trace=[column=13, file=C:\Users\Rötzer\Documents\GitHub\rtvs\node_modules\rethinkdb\errors.js, function=ReqlDriverCompileError.ReqlError [as constructor], line=23, method=ReqlError [as constructor], native=false, column=51, file=C:\Users\Rötzer\Documents\GitHub\rtvs\node_modules\rethinkdb\errors.js, function=ReqlDriverCompileError.ReqlCompileError [as constructor], line=35, method=ReqlCompileError [as constructor], native=false, column=57, file=C:\Users\Rötzer\Documents\GitHub\rtvs\node_modules\rethinkdb\errors.js, function=new ReqlDriverCompileError, line=46, method=null, native=false, column=11, file=C:\Users\Rötzer\Documents\GitHub\rtvs\node_modules\rethinkdb\ast.js, function=, line=4031, method=null, native=false, column=16, file=C:\Users\Rötzer\Documents\GitHub\rtvs\node_modules\rethinkdb\util.js, function=Function.expr, line=43, method=expr, native=false, column=32, file=C:\Users\Rötzer\Documents\GitHub\rtvs\node_modules\rethinkdb\ast.js, function=null, line=4052, method=null, native=false, column=7, file=C:\Users\Rötzer\Documents\GitHub\rtvs\node_modules\rethinkdb\ast.js, function=, line=4055, method=null, native=false, column=16, file=C:\Users\Rötzer\Documents\GitHub\rtvs\node_modules\rethinkdb\util.js, function=Function.expr, line=43, method=expr, native=false, column=37, file=C:\Users\Rötzer\Documents\GitHub\rtvs\node_modules\rethinkdb\ast.js, function=new MakeObject, line=1612, method=null, native=false, column=12, file=C:\Users\Rötzer\Documents\GitHub\rtvs\node_modules\rethinkdb\ast.js, function=, line=4064, method=null, native=false, column=16, file=C:\Users\Rötzer\Documents\GitHub\rtvs\node_modules\rethinkdb\util.js, function=Function.expr, line=43, method=expr, native=false, column=37, file=C:\Users\Rötzer\Documents\GitHub\rtvs\node_modules\rethinkdb\ast.js, function=new MakeObject, line=1612, method=null, native=false, column=12, file=C:\Users\Rötzer\Documents\GitHub\rtvs\node_modules\rethinkdb\ast.js, function=, line=4064, method=null, native=false, column=16, file=C:\Users\Rötzer\Documents\GitHub\rtvs\node_modules\rethinkdb\util.js, function=Function.expr, line=43, method=expr, native=false, column=32, file=C:\Users\Rötzer\Documents\GitHub\rtvs\node_modules\rethinkdb\ast.js, function=null, line=4052, method=null, native=false, column=7, file=C:\Users\Rötzer\Documents\GitHub\rtvs\node_modules\rethinkdb\ast.js, function=, line=4055, method=null, native=false], stack=[ReqlDriverCompileError: Cannot wrap undefined with r.expr().,     at ReqlDriverCompileError.ReqlError [as constructor] (C:\Users\Rötzer\Documents\GitHub\rtvs\node_modules\rethinkdb\errors.js:23:13),     at ReqlDriverCompileError.ReqlCompileError [as constructor] (C:\Users\Rötzer\Documents\GitHub\rtvs\node_modules\rethinkdb\errors.js:35:51),     at new ReqlDriverCompileError (C:\Users\Rötzer\Documents\GitHub\rtvs\node_modules\rethinkdb\errors.js:46:57),     at Function.<anonymous> (C:\Users\Rötzer\Documents\GitHub\rtvs\node_modules\rethinkdb\ast.js:4031:11),     at Function.expr (C:\Users\Rötzer\Documents\GitHub\rtvs\node_modules\rethinkdb\util.js:43:16),     at C:\Users\Rötzer\Documents\GitHub\rtvs\node_modules\rethinkdb\ast.js:4052:32,     at Function.<anonymous> (C:\Users\Rötzer\Documents\GitHub\rtvs\node_modules\rethinkdb\ast.js:4055:7),     at Function.expr (C:\Users\Rötzer\Documents\GitHub\rtvs\node_modules\rethinkdb\util.js:43:16),     at new MakeObject (C:\Users\Rötzer\Documents\GitHub\rtvs\node_modules\rethinkdb\ast.js:1612:37),     at Function.<anonymous> (C:\Users\Rötzer\Documents\GitHub\rtvs\node_modules\rethinkdb\ast.js:4064:12),     at Function.expr (C:\Users\Rötzer\Documents\GitHub\rtvs\node_modules\rethinkdb\util.js:43:16),     at new MakeObject (C:\Users\Rötzer\Documents\GitHub\rtvs\node_modules\rethinkdb\ast.js:1612:37),     at Function.<anonymous> (C:\Users\Rötzer\Documents\GitHub\rtvs\node_modules\rethinkdb\ast.js:4064:12),     at Function.expr (C:\Users\Rötzer\Documents\GitHub\rtvs\node_modules\rethinkdb\util.js:43:16),     at C:\Users\Rötzer\Documents\GitHub\rtvs\node_modules\rethinkdb\ast.js:4052:32,     at Function.<anonymous> (C:\Users\Rötzer\Documents\GitHub\rtvs\node_modules\rethinkdb\ast.js:4055:7)]
2017-02-14T09:51:46.178Z - error: uncaughtException: Cannot wrap undefined with r.expr(). date=Tue Feb 14 2017 10:51:46 GMT+0100 (Mitteleuropäische Zeit), pid=11152, uid=null, gid=null, cwd=C:\Users\Rötzer\Documents\GitHub\rtvs, execPath=C:\Program Files\nodejs\node.exe, version=v6.6.0, argv=[C:\Program Files\nodejs\node.exe, C:\Users\Rötzer\Documents\GitHub\rtvs\index.js], rss=41000960, heapTotal=26955776, heapUsed=19651352, loadavg=[0, 0, 0], uptime=300808.659974, trace=[column=13, file=C:\Users\Rötzer\Documents\GitHub\rtvs\node_modules\rethinkdb\errors.js, function=ReqlDriverCompileError.ReqlError [as constructor], line=23, method=ReqlError [as constructor], native=false, column=51, file=C:\Users\Rötzer\Documents\GitHub\rtvs\node_modules\rethinkdb\errors.js, function=ReqlDriverCompileError.ReqlCompileError [as constructor], line=35, method=ReqlCompileError [as constructor], native=false, column=57, file=C:\Users\Rötzer\Documents\GitHub\rtvs\node_modules\rethinkdb\errors.js, function=new ReqlDriverCompileError, line=46, method=null, native=false, column=11, file=C:\Users\Rötzer\Documents\GitHub\rtvs\node_modules\rethinkdb\ast.js, function=, line=4031, method=null, native=false, column=16, file=C:\Users\Rötzer\Documents\GitHub\rtvs\node_modules\rethinkdb\util.js, function=Function.expr, line=43, method=expr, native=false, column=32, file=C:\Users\Rötzer\Documents\GitHub\rtvs\node_modules\rethinkdb\ast.js, function=null, line=4052, method=null, native=false, column=7, file=C:\Users\Rötzer\Documents\GitHub\rtvs\node_modules\rethinkdb\ast.js, function=, line=4055, method=null, native=false, column=16, file=C:\Users\Rötzer\Documents\GitHub\rtvs\node_modules\rethinkdb\util.js, function=Function.expr, line=43, method=expr, native=false, column=37, file=C:\Users\Rötzer\Documents\GitHub\rtvs\node_modules\rethinkdb\ast.js, function=new MakeObject, line=1612, method=null, native=false, column=12, file=C:\Users\Rötzer\Documents\GitHub\rtvs\node_modules\rethinkdb\ast.js, function=, line=4064, method=null, native=false, column=16, file=C:\Users\Rötzer\Documents\GitHub\rtvs\node_modules\rethinkdb\util.js, function=Function.expr, line=43, method=expr, native=false, column=37, file=C:\Users\Rötzer\Documents\GitHub\rtvs\node_modules\rethinkdb\ast.js, function=new MakeObject, line=1612, method=null, native=false, column=12, file=C:\Users\Rötzer\Documents\GitHub\rtvs\node_modules\rethinkdb\ast.js, function=, line=4064, method=null, native=false, column=16, file=C:\Users\Rötzer\Documents\GitHub\rtvs\node_modules\rethinkdb\util.js, function=Function.expr, line=43, method=expr, native=false, column=32, file=C:\Users\Rötzer\Documents\GitHub\rtvs\node_modules\rethinkdb\ast.js, function=null, line=4052, method=null, native=false, column=7, file=C:\Users\Rötzer\Documents\GitHub\rtvs\node_modules\rethinkdb\ast.js, function=, line=4055, method=null, native=false], stack=[ReqlDriverCompileError: Cannot wrap undefined with r.expr().,     at ReqlDriverCompileError.ReqlError [as constructor] (C:\Users\Rötzer\Documents\GitHub\rtvs\node_modules\rethinkdb\errors.js:23:13),     at ReqlDriverCompileError.ReqlCompileError [as constructor] (C:\Users\Rötzer\Documents\GitHub\rtvs\node_modules\rethinkdb\errors.js:35:51),     at new ReqlDriverCompileError (C:\Users\Rötzer\Documents\GitHub\rtvs\node_modules\rethinkdb\errors.js:46:57),     at Function.<anonymous> (C:\Users\Rötzer\Documents\GitHub\rtvs\node_modules\rethinkdb\ast.js:4031:11),     at Function.expr (C:\Users\Rötzer\Documents\GitHub\rtvs\node_modules\rethinkdb\util.js:43:16),     at C:\Users\Rötzer\Documents\GitHub\rtvs\node_modules\rethinkdb\ast.js:4052:32,     at Function.<anonymous> (C:\Users\Rötzer\Documents\GitHub\rtvs\node_modules\rethinkdb\ast.js:4055:7),     at Function.expr (C:\Users\Rötzer\Documents\GitHub\rtvs\node_modules\rethinkdb\util.js:43:16),     at new MakeObject (C:\Users\Rötzer\Documents\GitHub\rtvs\node_modules\rethinkdb\ast.js:1612:37),     at Function.<anonymous> (C:\Users\Rötzer\Documents\GitHub\rtvs\node_modules\rethinkdb\ast.js:4064:12),     at Function.expr (C:\Users\Rötzer\Documents\GitHub\rtvs\node_modules\rethinkdb\util.js:43:16),     at new MakeObject (C:\Users\Rötzer\Documents\GitHub\rtvs\node_modules\rethinkdb\ast.js:1612:37),     at Function.<anonymous> (C:\Users\Rötzer\Documents\GitHub\rtvs\node_modules\rethinkdb\ast.js:4064:12),     at Function.expr (C:\Users\Rötzer\Documents\GitHub\rtvs\node_modules\rethinkdb\util.js:43:16),     at C:\Users\Rötzer\Documents\GitHub\rtvs\node_modules\rethinkdb\ast.js:4052:32,     at Function.<anonymous> (C:\Users\Rötzer\Documents\GitHub\rtvs\node_modules\rethinkdb\ast.js:4055:7)]
2017-02-14T09:56:38.003Z - error: uncaughtException: Cannot wrap undefined with r.expr(). date=Tue Feb 14 2017 10:56:37 GMT+0100 (Mitteleuropäische Zeit), pid=10828, uid=null, gid=null, cwd=C:\Users\Rötzer\Documents\GitHub\rtvs, execPath=C:\Program Files\nodejs\node.exe, version=v6.6.0, argv=[C:\Program Files\nodejs\node.exe, C:\Users\Rötzer\Documents\GitHub\rtvs\index.js], rss=41459712, heapTotal=24858624, heapUsed=20657480, loadavg=[0, 0, 0], uptime=301100.4836813, trace=[column=13, file=C:\Users\Rötzer\Documents\GitHub\rtvs\node_modules\rethinkdb\errors.js, function=ReqlDriverCompileError.ReqlError [as constructor], line=23, method=ReqlError [as constructor], native=false, column=51, file=C:\Users\Rötzer\Documents\GitHub\rtvs\node_modules\rethinkdb\errors.js, function=ReqlDriverCompileError.ReqlCompileError [as constructor], line=35, method=ReqlCompileError [as constructor], native=false, column=57, file=C:\Users\Rötzer\Documents\GitHub\rtvs\node_modules\rethinkdb\errors.js, function=new ReqlDriverCompileError, line=46, method=null, native=false, column=11, file=C:\Users\Rötzer\Documents\GitHub\rtvs\node_modules\rethinkdb\ast.js, function=, line=4031, method=null, native=false, column=16, file=C:\Users\Rötzer\Documents\GitHub\rtvs\node_modules\rethinkdb\util.js, function=Function.expr, line=43, method=expr, native=false, column=32, file=C:\Users\Rötzer\Documents\GitHub\rtvs\node_modules\rethinkdb\ast.js, function=null, line=4052, method=null, native=false, column=7, file=C:\Users\Rötzer\Documents\GitHub\rtvs\node_modules\rethinkdb\ast.js, function=, line=4055, method=null, native=false, column=16, file=C:\Users\Rötzer\Documents\GitHub\rtvs\node_modules\rethinkdb\util.js, function=Function.expr, line=43, method=expr, native=false, column=37, file=C:\Users\Rötzer\Documents\GitHub\rtvs\node_modules\rethinkdb\ast.js, function=new MakeObject, line=1612, method=null, native=false, column=12, file=C:\Users\Rötzer\Documents\GitHub\rtvs\node_modules\rethinkdb\ast.js, function=, line=4064, method=null, native=false, column=16, file=C:\Users\Rötzer\Documents\GitHub\rtvs\node_modules\rethinkdb\util.js, function=Function.expr, line=43, method=expr, native=false, column=37, file=C:\Users\Rötzer\Documents\GitHub\rtvs\node_modules\rethinkdb\ast.js, function=new MakeObject, line=1612, method=null, native=false, column=12, file=C:\Users\Rötzer\Documents\GitHub\rtvs\node_modules\rethinkdb\ast.js, function=, line=4064, method=null, native=false, column=16, file=C:\Users\Rötzer\Documents\GitHub\rtvs\node_modules\rethinkdb\util.js, function=Function.expr, line=43, method=expr, native=false, column=32, file=C:\Users\Rötzer\Documents\GitHub\rtvs\node_modules\rethinkdb\ast.js, function=null, line=4052, method=null, native=false, column=7, file=C:\Users\Rötzer\Documents\GitHub\rtvs\node_modules\rethinkdb\ast.js, function=, line=4055, method=null, native=false], stack=[ReqlDriverCompileError: Cannot wrap undefined with r.expr().,     at ReqlDriverCompileError.ReqlError [as constructor] (C:\Users\Rötzer\Documents\GitHub\rtvs\node_modules\rethinkdb\errors.js:23:13),     at ReqlDriverCompileError.ReqlCompileError [as constructor] (C:\Users\Rötzer\Documents\GitHub\rtvs\node_modules\rethinkdb\errors.js:35:51),     at new ReqlDriverCompileError (C:\Users\Rötzer\Documents\GitHub\rtvs\node_modules\rethinkdb\errors.js:46:57),     at Function.<anonymous> (C:\Users\Rötzer\Documents\GitHub\rtvs\node_modules\rethinkdb\ast.js:4031:11),     at Function.expr (C:\Users\Rötzer\Documents\GitHub\rtvs\node_modules\rethinkdb\util.js:43:16),     at C:\Users\Rötzer\Documents\GitHub\rtvs\node_modules\rethinkdb\ast.js:4052:32,     at Function.<anonymous> (C:\Users\Rötzer\Documents\GitHub\rtvs\node_modules\rethinkdb\ast.js:4055:7),     at Function.expr (C:\Users\Rötzer\Documents\GitHub\rtvs\node_modules\rethinkdb\util.js:43:16),     at new MakeObject (C:\Users\Rötzer\Documents\GitHub\rtvs\node_modules\rethinkdb\ast.js:1612:37),     at Function.<anonymous> (C:\Users\Rötzer\Documents\GitHub\rtvs\node_modules\rethinkdb\ast.js:4064:12),     at Function.expr (C:\Users\Rötzer\Documents\GitHub\rtvs\node_modules\rethinkdb\util.js:43:16),     at new MakeObject (C:\Users\Rötzer\Documents\GitHub\rtvs\node_modules\rethinkdb\ast.js:1612:37),     at Function.<anonymous> (C:\Users\Rötzer\Documents\GitHub\rtvs\node_modules\rethinkdb\ast.js:4064:12),     at Function.expr (C:\Users\Rötzer\Documents\GitHub\rtvs\node_modules\rethinkdb\util.js:43:16),     at C:\Users\Rötzer\Documents\GitHub\rtvs\node_modules\rethinkdb\ast.js:4052:32,     at Function.<anonymous> (C:\Users\Rötzer\Documents\GitHub\rtvs\node_modules\rethinkdb\ast.js:4055:7)]
2017-02-14T10:00:39.416Z - error: uncaughtException: Cannot wrap undefined with r.expr(). date=Tue Feb 14 2017 11:00:39 GMT+0100 (Mitteleuropäische Zeit), pid=4052, uid=null, gid=null, cwd=C:\Users\Rötzer\Documents\GitHub\rtvs, execPath=C:\Program Files\nodejs\node.exe, version=v6.6.0, argv=[C:\Program Files\nodejs\node.exe, C:\Users\Rötzer\Documents\GitHub\rtvs\index.js], rss=52973568, heapTotal=41635840, heapUsed=25482864, loadavg=[0, 0, 0], uptime=301341.8979866, trace=[column=13, file=C:\Users\Rötzer\Documents\GitHub\rtvs\node_modules\rethinkdb\errors.js, function=ReqlDriverCompileError.ReqlError [as constructor], line=23, method=ReqlError [as constructor], native=false, column=51, file=C:\Users\Rötzer\Documents\GitHub\rtvs\node_modules\rethinkdb\errors.js, function=ReqlDriverCompileError.ReqlCompileError [as constructor], line=35, method=ReqlCompileError [as constructor], native=false, column=57, file=C:\Users\Rötzer\Documents\GitHub\rtvs\node_modules\rethinkdb\errors.js, function=new ReqlDriverCompileError, line=46, method=null, native=false, column=11, file=C:\Users\Rötzer\Documents\GitHub\rtvs\node_modules\rethinkdb\ast.js, function=, line=4031, method=null, native=false, column=16, file=C:\Users\Rötzer\Documents\GitHub\rtvs\node_modules\rethinkdb\util.js, function=Function.expr, line=43, method=expr, native=false, column=32, file=C:\Users\Rötzer\Documents\GitHub\rtvs\node_modules\rethinkdb\ast.js, function=null, line=4052, method=null, native=false, column=7, file=C:\Users\Rötzer\Documents\GitHub\rtvs\node_modules\rethinkdb\ast.js, function=, line=4055, method=null, native=false, column=16, file=C:\Users\Rötzer\Documents\GitHub\rtvs\node_modules\rethinkdb\util.js, function=Function.expr, line=43, method=expr, native=false, column=37, file=C:\Users\Rötzer\Documents\GitHub\rtvs\node_modules\rethinkdb\ast.js, function=new MakeObject, line=1612, method=null, native=false, column=12, file=C:\Users\Rötzer\Documents\GitHub\rtvs\node_modules\rethinkdb\ast.js, function=, line=4064, method=null, native=false, column=16, file=C:\Users\Rötzer\Documents\GitHub\rtvs\node_modules\rethinkdb\util.js, function=Function.expr, line=43, method=expr, native=false, column=37, file=C:\Users\Rötzer\Documents\GitHub\rtvs\node_modules\rethinkdb\ast.js, function=new MakeObject, line=1612, method=null, native=false, column=12, file=C:\Users\Rötzer\Documents\GitHub\rtvs\node_modules\rethinkdb\ast.js, function=, line=4064, method=null, native=false, column=16, file=C:\Users\Rötzer\Documents\GitHub\rtvs\node_modules\rethinkdb\util.js, function=Function.expr, line=43, method=expr, native=false, column=32, file=C:\Users\Rötzer\Documents\GitHub\rtvs\node_modules\rethinkdb\ast.js, function=null, line=4052, method=null, native=false, column=7, file=C:\Users\Rötzer\Documents\GitHub\rtvs\node_modules\rethinkdb\ast.js, function=, line=4055, method=null, native=false], stack=[ReqlDriverCompileError: Cannot wrap undefined with r.expr().,     at ReqlDriverCompileError.ReqlError [as constructor] (C:\Users\Rötzer\Documents\GitHub\rtvs\node_modules\rethinkdb\errors.js:23:13),     at ReqlDriverCompileError.ReqlCompileError [as constructor] (C:\Users\Rötzer\Documents\GitHub\rtvs\node_modules\rethinkdb\errors.js:35:51),     at new ReqlDriverCompileError (C:\Users\Rötzer\Documents\GitHub\rtvs\node_modules\rethinkdb\errors.js:46:57),     at Function.<anonymous> (C:\Users\Rötzer\Documents\GitHub\rtvs\node_modules\rethinkdb\ast.js:4031:11),     at Function.expr (C:\Users\Rötzer\Documents\GitHub\rtvs\node_modules\rethinkdb\util.js:43:16),     at C:\Users\Rötzer\Documents\GitHub\rtvs\node_modules\rethinkdb\ast.js:4052:32,     at Function.<anonymous> (C:\Users\Rötzer\Documents\GitHub\rtvs\node_modules\rethinkdb\ast.js:4055:7),     at Function.expr (C:\Users\Rötzer\Documents\GitHub\rtvs\node_modules\rethinkdb\util.js:43:16),     at new MakeObject (C:\Users\Rötzer\Documents\GitHub\rtvs\node_modules\rethinkdb\ast.js:1612:37),     at Function.<anonymous> (C:\Users\Rötzer\Documents\GitHub\rtvs\node_modules\rethinkdb\ast.js:4064:12),     at Function.expr (C:\Users\Rötzer\Documents\GitHub\rtvs\node_modules\rethinkdb\util.js:43:16),     at new MakeObject (C:\Users\Rötzer\Documents\GitHub\rtvs\node_modules\rethinkdb\ast.js:1612:37),     at Function.<anonymous> (C:\Users\Rötzer\Documents\GitHub\rtvs\node_modules\rethinkdb\ast.js:4064:12),     at Function.expr (C:\Users\Rötzer\Documents\GitHub\rtvs\node_modules\rethinkdb\util.js:43:16),     at C:\Users\Rötzer\Documents\GitHub\rtvs\node_modules\rethinkdb\ast.js:4052:32,     at Function.<anonymous> (C:\Users\Rötzer\Documents\GitHub\rtvs\node_modules\rethinkdb\ast.js:4055:7)]
2017-02-14T10:04:25.967Z - error: uncaughtException: Cannot wrap undefined with r.expr(). date=Tue Feb 14 2017 11:04:25 GMT+0100 (Mitteleuropäische Zeit), pid=7728, uid=null, gid=null, cwd=C:\Users\Rötzer\Documents\GitHub\rtvs, execPath=C:\Program Files\nodejs\node.exe, version=v6.6.0, argv=[C:\Program Files\nodejs\node.exe, C:\Users\Rötzer\Documents\GitHub\rtvs\index.js], rss=42704896, heapTotal=30101504, heapUsed=24448552, loadavg=[0, 0, 0], uptime=301568.448059, trace=[column=13, file=C:\Users\Rötzer\Documents\GitHub\rtvs\node_modules\rethinkdb\errors.js, function=ReqlDriverCompileError.ReqlError [as constructor], line=23, method=ReqlError [as constructor], native=false, column=51, file=C:\Users\Rötzer\Documents\GitHub\rtvs\node_modules\rethinkdb\errors.js, function=ReqlDriverCompileError.ReqlCompileError [as constructor], line=35, method=ReqlCompileError [as constructor], native=false, column=57, file=C:\Users\Rötzer\Documents\GitHub\rtvs\node_modules\rethinkdb\errors.js, function=new ReqlDriverCompileError, line=46, method=null, native=false, column=11, file=C:\Users\Rötzer\Documents\GitHub\rtvs\node_modules\rethinkdb\ast.js, function=, line=4031, method=null, native=false, column=16, file=C:\Users\Rötzer\Documents\GitHub\rtvs\node_modules\rethinkdb\util.js, function=Function.expr, line=43, method=expr, native=false, column=32, file=C:\Users\Rötzer\Documents\GitHub\rtvs\node_modules\rethinkdb\ast.js, function=null, line=4052, method=null, native=false, column=7, file=C:\Users\Rötzer\Documents\GitHub\rtvs\node_modules\rethinkdb\ast.js, function=, line=4055, method=null, native=false, column=16, file=C:\Users\Rötzer\Documents\GitHub\rtvs\node_modules\rethinkdb\util.js, function=Function.expr, line=43, method=expr, native=false, column=37, file=C:\Users\Rötzer\Documents\GitHub\rtvs\node_modules\rethinkdb\ast.js, function=new MakeObject, line=1612, method=null, native=false, column=12, file=C:\Users\Rötzer\Documents\GitHub\rtvs\node_modules\rethinkdb\ast.js, function=, line=4064, method=null, native=false, column=16, file=C:\Users\Rötzer\Documents\GitHub\rtvs\node_modules\rethinkdb\util.js, function=Function.expr, line=43, method=expr, native=false, column=37, file=C:\Users\Rötzer\Documents\GitHub\rtvs\node_modules\rethinkdb\ast.js, function=new MakeObject, line=1612, method=null, native=false, column=12, file=C:\Users\Rötzer\Documents\GitHub\rtvs\node_modules\rethinkdb\ast.js, function=, line=4064, method=null, native=false, column=16, file=C:\Users\Rötzer\Documents\GitHub\rtvs\node_modules\rethinkdb\util.js, function=Function.expr, line=43, method=expr, native=false, column=32, file=C:\Users\Rötzer\Documents\GitHub\rtvs\node_modules\rethinkdb\ast.js, function=null, line=4052, method=null, native=false, column=7, file=C:\Users\Rötzer\Documents\GitHub\rtvs\node_modules\rethinkdb\ast.js, function=, line=4055, method=null, native=false], stack=[ReqlDriverCompileError: Cannot wrap undefined with r.expr().,     at ReqlDriverCompileError.ReqlError [as constructor] (C:\Users\Rötzer\Documents\GitHub\rtvs\node_modules\rethinkdb\errors.js:23:13),     at ReqlDriverCompileError.ReqlCompileError [as constructor] (C:\Users\Rötzer\Documents\GitHub\rtvs\node_modules\rethinkdb\errors.js:35:51),     at new ReqlDriverCompileError (C:\Users\Rötzer\Documents\GitHub\rtvs\node_modules\rethinkdb\errors.js:46:57),     at Function.<anonymous> (C:\Users\Rötzer\Documents\GitHub\rtvs\node_modules\rethinkdb\ast.js:4031:11),     at Function.expr (C:\Users\Rötzer\Documents\GitHub\rtvs\node_modules\rethinkdb\util.js:43:16),     at C:\Users\Rötzer\Documents\GitHub\rtvs\node_modules\rethinkdb\ast.js:4052:32,     at Function.<anonymous> (C:\Users\Rötzer\Documents\GitHub\rtvs\node_modules\rethinkdb\ast.js:4055:7),     at Function.expr (C:\Users\Rötzer\Documents\GitHub\rtvs\node_modules\rethinkdb\util.js:43:16),     at new MakeObject (C:\Users\Rötzer\Documents\GitHub\rtvs\node_modules\rethinkdb\ast.js:1612:37),     at Function.<anonymous> (C:\Users\Rötzer\Documents\GitHub\rtvs\node_modules\rethinkdb\ast.js:4064:12),     at Function.expr (C:\Users\Rötzer\Documents\GitHub\rtvs\node_modules\rethinkdb\util.js:43:16),     at new MakeObject (C:\Users\Rötzer\Documents\GitHub\rtvs\node_modules\rethinkdb\ast.js:1612:37),     at Function.<anonymous> (C:\Users\Rötzer\Documents\GitHub\rtvs\node_modules\rethinkdb\ast.js:4064:12),     at Function.expr (C:\Users\Rötzer\Documents\GitHub\rtvs\node_modules\rethinkdb\util.js:43:16),     at C:\Users\Rötzer\Documents\GitHub\rtvs\node_modules\rethinkdb\ast.js:4052:32,     at Function.<anonymous> (C:\Users\Rötzer\Documents\GitHub\rtvs\node_modules\rethinkdb\ast.js:4055:7)]
2017-02-15T14:00:44.110Z - error: uncaughtException: You are trying to attach socket.io to an express request handler function. Please pass a http.Server instance. date=Wed Feb 15 2017 15:00:44 GMT+0100 (Mitteleuropäische Zeit), pid=3640, uid=null, gid=null, cwd=C:\Users\Rötzer\Documents\GitHub\rtvs, execPath=C:\Program Files\nodejs\node.exe, version=v6.6.0, argv=[C:\Program Files\nodejs\node.exe, C:\Users\Rötzer\Documents\GitHub\rtvs\index.js], rss=41586688, heapTotal=32542720, heapUsed=19888544, loadavg=[0, 0, 0], uptime=25390.6200723, trace=[column=11, file=C:\Users\Rötzer\Documents\GitHub\rtvs\node_modules\socket.io\lib\index.js, function=Server.listen.Server.attach, line=213, method=listen.Server.attach, native=false, column=17, file=C:\Users\Rötzer\Documents\GitHub\rtvs\node_modules\socket.io\lib\index.js, function=new Server, line=52, method=null, native=false, column=41, file=C:\Users\Rötzer\Documents\GitHub\rtvs\node_modules\socket.io\lib\index.js, function=Server, line=40, method=null, native=false, column=32, file=C:\Users\Rötzer\Documents\GitHub\rtvs\index.js, function=, line=97, method=null, native=false, column=32, file=module.js, function=Module._compile, line=556, method=_compile, native=false, column=10, file=module.js, function=Object.Module._extensions..js, line=565, method=Module._extensions..js, native=false, column=32, file=module.js, function=Module.load, line=473, method=load, native=false, column=12, file=module.js, function=tryModuleLoad, line=432, method=null, native=false, column=3, file=module.js, function=Function.Module._load, line=424, method=Module._load, native=false, column=10, file=module.js, function=Module.runMain, line=590, method=runMain, native=false, column=7, file=bootstrap_node.js, function=run, line=394, method=null, native=false, column=9, file=bootstrap_node.js, function=startup, line=149, method=null, native=false, column=3, file=bootstrap_node.js, function=null, line=509, method=null, native=false], stack=[Error: You are trying to attach socket.io to an express request handler function. Please pass a http.Server instance.,     at Server.listen.Server.attach (C:\Users\Rötzer\Documents\GitHub\rtvs\node_modules\socket.io\lib\index.js:213:11),     at new Server (C:\Users\Rötzer\Documents\GitHub\rtvs\node_modules\socket.io\lib\index.js:52:17),     at Server (C:\Users\Rötzer\Documents\GitHub\rtvs\node_modules\socket.io\lib\index.js:40:41),     at Object.<anonymous> (C:\Users\Rötzer\Documents\GitHub\rtvs\index.js:97:32),     at Module._compile (module.js:556:32),     at Object.Module._extensions..js (module.js:565:10),     at Module.load (module.js:473:32),     at tryModuleLoad (module.js:432:12),     at Function.Module._load (module.js:424:3),     at Module.runMain (module.js:590:10),     at run (bootstrap_node.js:394:7),     at startup (bootstrap_node.js:149:9),     at bootstrap_node.js:509:3]
2017-02-15T15:09:06.190Z - error: uncaughtException: socket.emit is not a function date=Wed Feb 15 2017 16:09:06 GMT+0100 (Mitteleuropäische Zeit), pid=9664, uid=null, gid=null, cwd=C:\Users\Rötzer\Documents\GitHub\rtvs, execPath=C:\Program Files\nodejs\node.exe, version=v6.6.0, argv=[C:\Program Files\nodejs\node.exe, C:\Users\Rötzer\Documents\GitHub\rtvs\index.js], rss=44531712, heapTotal=30101504, heapUsed=21017648, loadavg=[0, 0, 0], uptime=29492.7000826, trace=[column=36, file=C:\Users\Rötzer\Documents\GitHub\rtvs\controllers\controller.js, function=null, line=231, method=null, native=false, column=20, file=C:\Users\Rötzer\Documents\GitHub\rtvs\node_modules\rethinkdb\cursor.js, function=null, line=261, method=null, native=false, column=23, file=C:\Users\Rötzer\Documents\GitHub\rtvs\node_modules\bluebird\js\main\util.js, function=tryCatcher, line=26, method=null, native=false, column=30, file=C:\Users\Rötzer\Documents\GitHub\rtvs\node_modules\bluebird\js\main\nodeify.js, function=Promise.successAdapter, line=23, method=successAdapter, native=false, column=21, file=C:\Users\Rötzer\Documents\GitHub\rtvs\node_modules\bluebird\js\main\promise.js, function=Promise._settlePromiseAt, line=582, method=_settlePromiseAt, native=false, column=14, file=C:\Users\Rötzer\Documents\GitHub\rtvs\node_modules\bluebird\js\main\promise.js, function=Promise._settlePromises, line=700, method=_settlePromises, native=false, column=16, file=C:\Users\Rötzer\Documents\GitHub\rtvs\node_modules\bluebird\js\main\async.js, function=Async._drainQueue, line=123, method=_drainQueue, native=false, column=10, file=C:\Users\Rötzer\Documents\GitHub\rtvs\node_modules\bluebird\js\main\async.js, function=Async._drainQueues, line=133, method=_drainQueues, native=false, column=14, file=C:\Users\Rötzer\Documents\GitHub\rtvs\node_modules\bluebird\js\main\async.js, function=Immediate.Async.drainQueues, line=15, method=Async.drainQueues, native=false, column=20, file=timers.js, function=runCallback, line=574, method=null, native=false, column=5, file=timers.js, function=tryOnImmediate, line=554, method=null, native=false, column=5, file=timers.js, function=processImmediate [as _immediateCallback], line=533, method=null, native=false], stack=[TypeError: socket.emit is not a function,     at C:\Users\Rötzer\Documents\GitHub\rtvs\controllers\controller.js:231:36,     at C:\Users\Rötzer\Documents\GitHub\rtvs\node_modules\rethinkdb\cursor.js:261:20,     at tryCatcher (C:\Users\Rötzer\Documents\GitHub\rtvs\node_modules\bluebird\js\main\util.js:26:23),     at Promise.successAdapter (C:\Users\Rötzer\Documents\GitHub\rtvs\node_modules\bluebird\js\main\nodeify.js:23:30),     at Promise._settlePromiseAt (C:\Users\Rötzer\Documents\GitHub\rtvs\node_modules\bluebird\js\main\promise.js:582:21),     at Promise._settlePromises (C:\Users\Rötzer\Documents\GitHub\rtvs\node_modules\bluebird\js\main\promise.js:700:14),     at Async._drainQueue (C:\Users\Rötzer\Documents\GitHub\rtvs\node_modules\bluebird\js\main\async.js:123:16),     at Async._drainQueues (C:\Users\Rötzer\Documents\GitHub\rtvs\node_modules\bluebird\js\main\async.js:133:10),     at Immediate.Async.drainQueues (C:\Users\Rötzer\Documents\GitHub\rtvs\node_modules\bluebird\js\main\async.js:15:14),     at runCallback (timers.js:574:20),     at tryOnImmediate (timers.js:554:5),     at processImmediate [as _immediateCallback] (timers.js:533:5)]
2017-02-28T08:18:33.691Z - error: uncaughtException: Cannot read property 'render' of undefined date=Tue Feb 28 2017 09:18:33 GMT+0100 (Mitteleuropäische Zeit), pid=7528, uid=null, gid=null, cwd=C:\Users\Rötzer\Documents\GitHub\rtvs, execPath=C:\Program Files\nodejs\node.exe, version=v6.6.0, argv=[C:\Program Files\nodejs\node.exe, C:\Users\Rötzer\Documents\GitHub\rtvs\index.js], rss=36937728, heapTotal=23105536, heapUsed=13464504, loadavg=[0, 0, 0], uptime=69692.1959595, trace=[column=8, file=C:\Users\Rötzer\Documents\GitHub\rtvs\controllers\controller.js, function=Object.realTimeAction, line=240, method=realTimeAction, native=false, column=37, file=C:\Users\Rötzer\Documents\GitHub\rtvs\routes\routes.js, function=module.exports, line=24, method=exports, native=false, column=27, file=C:\Users\Rötzer\Documents\GitHub\rtvs\index.js, function=, line=53, method=null, native=false, column=32, file=module.js, function=Module._compile, line=556, method=_compile, native=false, column=10, file=module.js, function=Object.Module._extensions..js, line=565, method=Module._extensions..js, native=false, column=32, file=module.js, function=Module.load, line=473, method=load, native=false, column=12, file=module.js, function=tryModuleLoad, line=432, method=null, native=false, column=3, file=module.js, function=Function.Module._load, line=424, method=Module._load, native=false, column=10, file=module.js, function=Module.runMain, line=590, method=runMain, native=false, column=7, file=bootstrap_node.js, function=run, line=394, method=null, native=false, column=9, file=bootstrap_node.js, function=startup, line=149, method=null, native=false, column=3, file=bootstrap_node.js, function=null, line=509, method=null, native=false], stack=[TypeError: Cannot read property 'render' of undefined,     at Object.realTimeAction (C:\Users\Rötzer\Documents\GitHub\rtvs\controllers\controller.js:240:8),     at module.exports (C:\Users\Rötzer\Documents\GitHub\rtvs\routes\routes.js:24:37),     at Object.<anonymous> (C:\Users\Rötzer\Documents\GitHub\rtvs\index.js:53:27),     at Module._compile (module.js:556:32),     at Object.Module._extensions..js (module.js:565:10),     at Module.load (module.js:473:32),     at tryModuleLoad (module.js:432:12),     at Function.Module._load (module.js:424:3),     at Module.runMain (module.js:590:10),     at run (bootstrap_node.js:394:7),     at startup (bootstrap_node.js:149:9),     at bootstrap_node.js:509:3]
2017-02-28T08:18:53.602Z - error: uncaughtException: Cannot read property 'render' of undefined date=Tue Feb 28 2017 09:18:53 GMT+0100 (Mitteleuropäische Zeit), pid=1664, uid=null, gid=null, cwd=C:\Users\Rötzer\Documents\GitHub\rtvs, execPath=C:\Program Files\nodejs\node.exe, version=v6.6.0, argv=[C:\Program Files\nodejs\node.exe, C:\Users\Rötzer\Documents\GitHub\rtvs\index.js], rss=36954112, heapTotal=23105536, heapUsed=13484664, loadavg=[0, 0, 0], uptime=69712.1112203, trace=[column=8, file=C:\Users\Rötzer\Documents\GitHub\rtvs\controllers\controller.js, function=Object.realTimeAction, line=240, method=realTimeAction, native=false, column=37, file=C:\Users\Rötzer\Documents\GitHub\rtvs\routes\routes.js, function=module.exports, line=24, method=exports, native=false, column=27, file=C:\Users\Rötzer\Documents\GitHub\rtvs\index.js, function=, line=53, method=null, native=false, column=32, file=module.js, function=Module._compile, line=556, method=_compile, native=false, column=10, file=module.js, function=Object.Module._extensions..js, line=565, method=Module._extensions..js, native=false, column=32, file=module.js, function=Module.load, line=473, method=load, native=false, column=12, file=module.js, function=tryModuleLoad, line=432, method=null, native=false, column=3, file=module.js, function=Function.Module._load, line=424, method=Module._load, native=false, column=10, file=module.js, function=Module.runMain, line=590, method=runMain, native=false, column=7, file=bootstrap_node.js, function=run, line=394, method=null, native=false, column=9, file=bootstrap_node.js, function=startup, line=149, method=null, native=false, column=3, file=bootstrap_node.js, function=null, line=509, method=null, native=false], stack=[TypeError: Cannot read property 'render' of undefined,     at Object.realTimeAction (C:\Users\Rötzer\Documents\GitHub\rtvs\controllers\controller.js:240:8),     at module.exports (C:\Users\Rötzer\Documents\GitHub\rtvs\routes\routes.js:24:37),     at Object.<anonymous> (C:\Users\Rötzer\Documents\GitHub\rtvs\index.js:53:27),     at Module._compile (module.js:556:32),     at Object.Module._extensions..js (module.js:565:10),     at Module.load (module.js:473:32),     at tryModuleLoad (module.js:432:12),     at Function.Module._load (module.js:424:3),     at Module.runMain (module.js:590:10),     at run (bootstrap_node.js:394:7),     at startup (bootstrap_node.js:149:9),     at bootstrap_node.js:509:3]
2017-02-28T08:19:17.877Z - error: uncaughtException: req is not defined date=Tue Feb 28 2017 09:19:17 GMT+0100 (Mitteleuropäische Zeit), pid=4628, uid=null, gid=null, cwd=C:\Users\Rötzer\Documents\GitHub\rtvs, execPath=C:\Program Files\nodejs\node.exe, version=v6.6.0, argv=[C:\Program Files\nodejs\node.exe, C:\Users\Rötzer\Documents\GitHub\rtvs\index.js], rss=36671488, heapTotal=23105536, heapUsed=13311368, loadavg=[0, 0, 0], uptime=69736.3855517, trace=[column=52, file=C:\Users\Rötzer\Documents\GitHub\rtvs\routes\routes.js, function=module.exports, line=24, method=exports, native=false, column=27, file=C:\Users\Rötzer\Documents\GitHub\rtvs\index.js, function=, line=53, method=null, native=false, column=32, file=module.js, function=Module._compile, line=556, method=_compile, native=false, column=10, file=module.js, function=Object.Module._extensions..js, line=565, method=Module._extensions..js, native=false, column=32, file=module.js, function=Module.load, line=473, method=load, native=false, column=12, file=module.js, function=tryModuleLoad, line=432, method=null, native=false, column=3, file=module.js, function=Function.Module._load, line=424, method=Module._load, native=false, column=10, file=module.js, function=Module.runMain, line=590, method=runMain, native=false, column=7, file=bootstrap_node.js, function=run, line=394, method=null, native=false, column=9, file=bootstrap_node.js, function=startup, line=149, method=null, native=false, column=3, file=bootstrap_node.js, function=null, line=509, method=null, native=false], stack=[ReferenceError: req is not defined,     at module.exports (C:\Users\Rötzer\Documents\GitHub\rtvs\routes\routes.js:24:52),     at Object.<anonymous> (C:\Users\Rötzer\Documents\GitHub\rtvs\index.js:53:27),     at Module._compile (module.js:556:32),     at Object.Module._extensions..js (module.js:565:10),     at Module.load (module.js:473:32),     at tryModuleLoad (module.js:432:12),     at Function.Module._load (module.js:424:3),     at Module.runMain (module.js:590:10),     at run (bootstrap_node.js:394:7),     at startup (bootstrap_node.js:149:9),     at bootstrap_node.js:509:3]
2017-02-28T09:15:16.238Z - error: uncaughtException: Can't set headers after they are sent. date=Tue Feb 28 2017 10:15:16 GMT+0100 (Mitteleuropäische Zeit), pid=9292, uid=null, gid=null, cwd=C:\Users\Rötzer\Documents\GitHub\rtvs, execPath=C:\Program Files\nodejs\node.exe, version=v6.6.0, argv=[C:\Program Files\nodejs\node.exe, C:\Users\Rötzer\Documents\GitHub\rtvs\index.js], rss=49217536, heapTotal=35344384, heapUsed=24931952, loadavg=[0, 0, 0], uptime=73092.5187009, trace=[column=11, file=_http_outgoing.js, function=ServerResponse.OutgoingMessage.setHeader, line=356, method=OutgoingMessage.setHeader, native=false, column=10, file=C:\Users\Rötzer\Documents\GitHub\rtvs\node_modules\express\lib\response.js, function=ServerResponse.header, line=719, method=header, native=false, column=10, file=C:\Users\Rötzer\Documents\GitHub\rtvs\node_modules\express\lib\response.js, function=ServerResponse.json, line=247, method=json, native=false, column=21, file=C:\Users\Rötzer\Documents\GitHub\rtvs\node_modules\express\lib\response.js, function=ServerResponse.send, line=152, method=send, native=false, column=33, file=C:\Users\Rötzer\Documents\GitHub\rtvs\controllers\controller.js, function=null, line=230, method=null, native=false, column=20, file=C:\Users\Rötzer\Documents\GitHub\rtvs\node_modules\rethinkdb\cursor.js, function=null, line=261, method=null, native=false, column=23, file=C:\Users\Rötzer\Documents\GitHub\rtvs\node_modules\bluebird\js\main\util.js, function=tryCatcher, line=26, method=null, native=false, column=30, file=C:\Users\Rötzer\Documents\GitHub\rtvs\node_modules\bluebird\js\main\nodeify.js, function=Promise.successAdapter, line=23, method=successAdapter, native=false, column=21, file=C:\Users\Rötzer\Documents\GitHub\rtvs\node_modules\bluebird\js\main\promise.js, function=Promise._settlePromiseAt, line=582, method=_settlePromiseAt, native=false, column=14, file=C:\Users\Rötzer\Documents\GitHub\rtvs\node_modules\bluebird\js\main\promise.js, function=Promise._settlePromises, line=700, method=_settlePromises, native=false, column=16, file=C:\Users\Rötzer\Documents\GitHub\rtvs\node_modules\bluebird\js\main\async.js, function=Async._drainQueue, line=123, method=_drainQueue, native=false, column=10, file=C:\Users\Rötzer\Documents\GitHub\rtvs\node_modules\bluebird\js\main\async.js, function=Async._drainQueues, line=133, method=_drainQueues, native=false, column=14, file=C:\Users\Rötzer\Documents\GitHub\rtvs\node_modules\bluebird\js\main\async.js, function=Immediate.Async.drainQueues, line=15, method=Async.drainQueues, native=false, column=20, file=timers.js, function=runCallback, line=574, method=null, native=false, column=5, file=timers.js, function=tryOnImmediate, line=554, method=null, native=false, column=5, file=timers.js, function=processImmediate [as _immediateCallback], line=533, method=null, native=false], stack=[Error: Can't set headers after they are sent.,     at ServerResponse.OutgoingMessage.setHeader (_http_outgoing.js:356:11),     at ServerResponse.header (C:\Users\Rötzer\Documents\GitHub\rtvs\node_modules\express\lib\response.js:719:10),     at ServerResponse.json (C:\Users\Rötzer\Documents\GitHub\rtvs\node_modules\express\lib\response.js:247:10),     at ServerResponse.send (C:\Users\Rötzer\Documents\GitHub\rtvs\node_modules\express\lib\response.js:152:21),     at C:\Users\Rötzer\Documents\GitHub\rtvs\controllers\controller.js:230:33,     at C:\Users\Rötzer\Documents\GitHub\rtvs\node_modules\rethinkdb\cursor.js:261:20,     at tryCatcher (C:\Users\Rötzer\Documents\GitHub\rtvs\node_modules\bluebird\js\main\util.js:26:23),     at Promise.successAdapter (C:\Users\Rötzer\Documents\GitHub\rtvs\node_modules\bluebird\js\main\nodeify.js:23:30),     at Promise._settlePromiseAt (C:\Users\Rötzer\Documents\GitHub\rtvs\node_modules\bluebird\js\main\promise.js:582:21),     at Promise._settlePromises (C:\Users\Rötzer\Documents\GitHub\rtvs\node_modules\bluebird\js\main\promise.js:700:14),     at Async._drainQueue (C:\Users\Rötzer\Documents\GitHub\rtvs\node_modules\bluebird\js\main\async.js:123:16),     at Async._drainQueues (C:\Users\Rötzer\Documents\GitHub\rtvs\node_modules\bluebird\js\main\async.js:133:10),     at Immediate.Async.drainQueues (C:\Users\Rötzer\Documents\GitHub\rtvs\node_modules\bluebird\js\main\async.js:15:14),     at runCallback (timers.js:574:20),     at tryOnImmediate (timers.js:554:5),     at processImmediate [as _immediateCallback] (timers.js:533:5)]
2017-02-28T09:26:35.120Z - error: uncaughtException: res.update is not a function date=Tue Feb 28 2017 10:26:35 GMT+0100 (Mitteleuropäische Zeit), pid=11112, uid=null, gid=null, cwd=C:\Users\Rötzer\Documents\GitHub\rtvs, execPath=C:\Program Files\nodejs\node.exe, version=v6.6.0, argv=[C:\Program Files\nodejs\node.exe, C:\Users\Rötzer\Documents\GitHub\rtvs\index.js], rss=51400704, heapTotal=41635840, heapUsed=27914160, loadavg=[0, 0, 0], uptime=73771.4042308, trace=[column=33, file=C:\Users\Rötzer\Documents\GitHub\rtvs\controllers\controller.js, function=null, line=230, method=null, native=false, column=20, file=C:\Users\Rötzer\Documents\GitHub\rtvs\node_modules\rethinkdb\cursor.js, function=null, line=261, method=null, native=false, column=23, file=C:\Users\Rötzer\Documents\GitHub\rtvs\node_modules\bluebird\js\main\util.js, function=tryCatcher, line=26, method=null, native=false, column=30, file=C:\Users\Rötzer\Documents\GitHub\rtvs\node_modules\bluebird\js\main\nodeify.js, function=Promise.successAdapter, line=23, method=successAdapter, native=false, column=21, file=C:\Users\Rötzer\Documents\GitHub\rtvs\node_modules\bluebird\js\main\promise.js, function=Promise._settlePromiseAt, line=582, method=_settlePromiseAt, native=false, column=14, file=C:\Users\Rötzer\Documents\GitHub\rtvs\node_modules\bluebird\js\main\promise.js, function=Promise._settlePromises, line=700, method=_settlePromises, native=false, column=16, file=C:\Users\Rötzer\Documents\GitHub\rtvs\node_modules\bluebird\js\main\async.js, function=Async._drainQueue, line=123, method=_drainQueue, native=false, column=10, file=C:\Users\Rötzer\Documents\GitHub\rtvs\node_modules\bluebird\js\main\async.js, function=Async._drainQueues, line=133, method=_drainQueues, native=false, column=14, file=C:\Users\Rötzer\Documents\GitHub\rtvs\node_modules\bluebird\js\main\async.js, function=Immediate.Async.drainQueues, line=15, method=Async.drainQueues, native=false, column=20, file=timers.js, function=runCallback, line=574, method=null, native=false, column=5, file=timers.js, function=tryOnImmediate, line=554, method=null, native=false, column=5, file=timers.js, function=processImmediate [as _immediateCallback], line=533, method=null, native=false], stack=[TypeError: res.update is not a function,     at C:\Users\Rötzer\Documents\GitHub\rtvs\controllers\controller.js:230:33,     at C:\Users\Rötzer\Documents\GitHub\rtvs\node_modules\rethinkdb\cursor.js:261:20,     at tryCatcher (C:\Users\Rötzer\Documents\GitHub\rtvs\node_modules\bluebird\js\main\util.js:26:23),     at Promise.successAdapter (C:\Users\Rötzer\Documents\GitHub\rtvs\node_modules\bluebird\js\main\nodeify.js:23:30),     at Promise._settlePromiseAt (C:\Users\Rötzer\Documents\GitHub\rtvs\node_modules\bluebird\js\main\promise.js:582:21),     at Promise._settlePromises (C:\Users\Rötzer\Documents\GitHub\rtvs\node_modules\bluebird\js\main\promise.js:700:14),     at Async._drainQueue (C:\Users\Rötzer\Documents\GitHub\rtvs\node_modules\bluebird\js\main\async.js:123:16),     at Async._drainQueues (C:\Users\Rötzer\Documents\GitHub\rtvs\node_modules\bluebird\js\main\async.js:133:10),     at Immediate.Async.drainQueues (C:\Users\Rötzer\Documents\GitHub\rtvs\node_modules\bluebird\js\main\async.js:15:14),     at runCallback (timers.js:574:20),     at tryOnImmediate (timers.js:554:5),     at processImmediate [as _immediateCallback] (timers.js:533:5)]
2017-02-28T09:39:32.386Z - error: uncaughtException: app is not defined date=Tue Feb 28 2017 10:39:32 GMT+0100 (Mitteleuropäische Zeit), pid=10480, uid=null, gid=null, cwd=C:\Users\Rötzer\Documents\GitHub\rtvs, execPath=C:\Program Files\nodejs\node.exe, version=v6.6.0, argv=[C:\Program Files\nodejs\node.exe, C:\Users\Rötzer\Documents\GitHub\rtvs\index.js], rss=47026176, heapTotal=33247232, heapUsed=24030320, loadavg=[0, 0, 0], uptime=74548.6701875, trace=[column=57, file=C:\Users\Rötzer\Documents\GitHub\rtvs\controllers\controller.js, function=null, line=227, method=null, native=false, column=23, file=C:\Users\Rötzer\Documents\GitHub\rtvs\node_modules\bluebird\js\main\util.js, function=tryCatcher, line=26, method=null, native=false, column=30, file=C:\Users\Rötzer\Documents\GitHub\rtvs\node_modules\bluebird\js\main\nodeify.js, function=Promise.successAdapter, line=23, method=successAdapter, native=false, column=21, file=C:\Users\Rötzer\Documents\GitHub\rtvs\node_modules\bluebird\js\main\promise.js, function=Promise._settlePromiseAt, line=582, method=_settlePromiseAt, native=false, column=14, file=C:\Users\Rötzer\Documents\GitHub\rtvs\node_modules\bluebird\js\main\promise.js, function=Promise._settlePromises, line=700, method=_settlePromises, native=false, column=16, file=C:\Users\Rötzer\Documents\GitHub\rtvs\node_modules\bluebird\js\main\async.js, function=Async._drainQueue, line=123, method=_drainQueue, native=false, column=10, file=C:\Users\Rötzer\Documents\GitHub\rtvs\node_modules\bluebird\js\main\async.js, function=Async._drainQueues, line=133, method=_drainQueues, native=false, column=14, file=C:\Users\Rötzer\Documents\GitHub\rtvs\node_modules\bluebird\js\main\async.js, function=Immediate.Async.drainQueues, line=15, method=Async.drainQueues, native=false, column=20, file=timers.js, function=runCallback, line=574, method=null, native=false, column=5, file=timers.js, function=tryOnImmediate, line=554, method=null, native=false, column=5, file=timers.js, function=processImmediate [as _immediateCallback], line=533, method=null, native=false], stack=[ReferenceError: app is not defined,     at C:\Users\Rötzer\Documents\GitHub\rtvs\controllers\controller.js:227:57,     at tryCatcher (C:\Users\Rötzer\Documents\GitHub\rtvs\node_modules\bluebird\js\main\util.js:26:23),     at Promise.successAdapter (C:\Users\Rötzer\Documents\GitHub\rtvs\node_modules\bluebird\js\main\nodeify.js:23:30),     at Promise._settlePromiseAt (C:\Users\Rötzer\Documents\GitHub\rtvs\node_modules\bluebird\js\main\promise.js:582:21),     at Promise._settlePromises (C:\Users\Rötzer\Documents\GitHub\rtvs\node_modules\bluebird\js\main\promise.js:700:14),     at Async._drainQueue (C:\Users\Rötzer\Documents\GitHub\rtvs\node_modules\bluebird\js\main\async.js:123:16),     at Async._drainQueues (C:\Users\Rötzer\Documents\GitHub\rtvs\node_modules\bluebird\js\main\async.js:133:10),     at Immediate.Async.drainQueues (C:\Users\Rötzer\Documents\GitHub\rtvs\node_modules\bluebird\js\main\async.js:15:14),     at runCallback (timers.js:574:20),     at tryOnImmediate (timers.js:554:5),     at processImmediate [as _immediateCallback] (timers.js:533:5)]
2017-02-28T09:49:08.337Z - error: uncaughtException: io is not defined date=Tue Feb 28 2017 10:49:08 GMT+0100 (Mitteleuropäische Zeit), pid=1556, uid=null, gid=null, cwd=C:\Users\Rötzer\Documents\GitHub\rtvs, execPath=C:\Program Files\nodejs\node.exe, version=v6.6.0, argv=[C:\Program Files\nodejs\node.exe, C:\Users\Rötzer\Documents\GitHub\rtvs\index.js], rss=46084096, heapTotal=31854592, heapUsed=24659144, loadavg=[0, 0, 0], uptime=75124.6175918, trace=[column=21, file=C:\Users\Rötzer\Documents\GitHub\rtvs\controllers\controller.js, function=null, line=229, method=null, native=false, column=23, file=C:\Users\Rötzer\Documents\GitHub\rtvs\node_modules\bluebird\js\main\util.js, function=tryCatcher, line=26, method=null, native=false, column=30, file=C:\Users\Rötzer\Documents\GitHub\rtvs\node_modules\bluebird\js\main\nodeify.js, function=Promise.successAdapter, line=23, method=successAdapter, native=false, column=21, file=C:\Users\Rötzer\Documents\GitHub\rtvs\node_modules\bluebird\js\main\promise.js, function=Promise._settlePromiseAt, line=582, method=_settlePromiseAt, native=false, column=14, file=C:\Users\Rötzer\Documents\GitHub\rtvs\node_modules\bluebird\js\main\promise.js, function=Promise._settlePromises, line=700, method=_settlePromises, native=false, column=16, file=C:\Users\Rötzer\Documents\GitHub\rtvs\node_modules\bluebird\js\main\async.js, function=Async._drainQueue, line=123, method=_drainQueue, native=false, column=10, file=C:\Users\Rötzer\Documents\GitHub\rtvs\node_modules\bluebird\js\main\async.js, function=Async._drainQueues, line=133, method=_drainQueues, native=false, column=14, file=C:\Users\Rötzer\Documents\GitHub\rtvs\node_modules\bluebird\js\main\async.js, function=Immediate.Async.drainQueues, line=15, method=Async.drainQueues, native=false, column=20, file=timers.js, function=runCallback, line=574, method=null, native=false, column=5, file=timers.js, function=tryOnImmediate, line=554, method=null, native=false, column=5, file=timers.js, function=processImmediate [as _immediateCallback], line=533, method=null, native=false], stack=[ReferenceError: io is not defined,     at C:\Users\Rötzer\Documents\GitHub\rtvs\controllers\controller.js:229:21,     at tryCatcher (C:\Users\Rötzer\Documents\GitHub\rtvs\node_modules\bluebird\js\main\util.js:26:23),     at Promise.successAdapter (C:\Users\Rötzer\Documents\GitHub\rtvs\node_modules\bluebird\js\main\nodeify.js:23:30),     at Promise._settlePromiseAt (C:\Users\Rötzer\Documents\GitHub\rtvs\node_modules\bluebird\js\main\promise.js:582:21),     at Promise._settlePromises (C:\Users\Rötzer\Documents\GitHub\rtvs\node_modules\bluebird\js\main\promise.js:700:14),     at Async._drainQueue (C:\Users\Rötzer\Documents\GitHub\rtvs\node_modules\bluebird\js\main\async.js:123:16),     at Async._drainQueues (C:\Users\Rötzer\Documents\GitHub\rtvs\node_modules\bluebird\js\main\async.js:133:10),     at Immediate.Async.drainQueues (C:\Users\Rötzer\Documents\GitHub\rtvs\node_modules\bluebird\js\main\async.js:15:14),     at runCallback (timers.js:574:20),     at tryOnImmediate (timers.js:554:5),     at processImmediate [as _immediateCallback] (timers.js:533:5)]
2017-03-16T12:46:59.370Z - error: uncaughtException: listen EADDRINUSE :::3000 date=Thu Mar 16 2017 13:46:59 GMT+0100 (Mitteleuropäische Zeit), pid=8372, uid=null, gid=null, cwd=C:\Users\Rötzer\Documents\GitHub\rtvs, execPath=C:\Program Files\nodejs\node.exe, version=v6.6.0, argv=[C:\Program Files\nodejs\node.exe, C:\Users\Rötzer\Documents\GitHub\rtvs\index.js], rss=41492480, heapTotal=32542720, heapUsed=20092776, loadavg=[0, 0, 0], uptime=265852.3563409, trace=[column=11, file=util.js, function=Object.exports._errnoException, line=1036, method=exports._errnoException, native=false, column=20, file=util.js, function=exports._exceptionWithHostPort, line=1059, method=_exceptionWithHostPort, native=false, column=14, file=net.js, function=Server._listen2, line=1252, method=_listen2, native=false, column=10, file=net.js, function=listen, line=1288, method=null, native=false, column=5, file=net.js, function=Server.listen, line=1384, method=listen, native=false, column=24, file=C:\Users\Rötzer\Documents\GitHub\rtvs\node_modules\express\lib\application.js, function=EventEmitter.listen, line=617, method=listen, native=false, column=5, file=C:\Users\Rötzer\Documents\GitHub\rtvs\index.js, function=, line=68, method=null, native=false, column=32, file=module.js, function=Module._compile, line=556, method=_compile, native=false, column=10, file=module.js, function=Object.Module._extensions..js, line=565, method=Module._extensions..js, native=false, column=32, file=module.js, function=Module.load, line=473, method=load, native=false, column=12, file=module.js, function=tryModuleLoad, line=432, method=null, native=false, column=3, file=module.js, function=Function.Module._load, line=424, method=Module._load, native=false, column=10, file=module.js, function=Module.runMain, line=590, method=runMain, native=false, column=7, file=bootstrap_node.js, function=run, line=394, method=null, native=false, column=9, file=bootstrap_node.js, function=startup, line=149, method=null, native=false, column=3, file=bootstrap_node.js, function=null, line=509, method=null, native=false], stack=[Error: listen EADDRINUSE :::3000,     at Object.exports._errnoException (util.js:1036:11),     at exports._exceptionWithHostPort (util.js:1059:20),     at Server._listen2 (net.js:1252:14),     at listen (net.js:1288:10),     at Server.listen (net.js:1384:5),     at EventEmitter.listen (C:\Users\Rötzer\Documents\GitHub\rtvs\node_modules\express\lib\application.js:617:24),     at Object.<anonymous> (C:\Users\Rötzer\Documents\GitHub\rtvs\index.js:68:5),     at Module._compile (module.js:556:32),     at Object.Module._extensions..js (module.js:565:10),     at Module.load (module.js:473:32),     at tryModuleLoad (module.js:432:12),     at Function.Module._load (module.js:424:3),     at Module.runMain (module.js:590:10),     at run (bootstrap_node.js:394:7),     at startup (bootstrap_node.js:149:9),     at bootstrap_node.js:509:3]
